<?xml version="1.0" encoding="UTF-8"?>
<!-- Generated by org.testng.reporters.JUnitReportReporter -->
<testsuite hostname="loadrunner-PC" name="day12_JavaScript.HiddenLinks_JSE" tests="1" failures="0" timestamp="30 May 2017 06:26:43 GMT" time="18.277" errors="0">
  <testcase name="f" time="18.277" classname="day12_JavaScript.HiddenLinks_JSE"/>
</testsuite> <!-- day12_JavaScript.HiddenLinks_JSE -->
