<?xml version="1.0" encoding="UTF-8"?>
<!-- Generated by org.testng.reporters.JUnitReportReporter -->
<testsuite hostname="loadrunner-PC" name="day10_AutoIT.SaveFile_Robot" tests="1" failures="0" timestamp="24 May 2017 07:01:37 GMT" time="19.328" errors="0">
  <testcase name="f" time="19.328" classname="day10_AutoIT.SaveFile_Robot"/>
</testsuite> <!-- day10_AutoIT.SaveFile_Robot -->
