<?xml version="1.0" encoding="UTF-8"?>
<!-- Generated by org.testng.reporters.JUnitReportReporter -->
<testsuite hostname="loadrunner-PC" name="com.ProjName.TestExe_Main.Hybrid_Test" tests="1" failures="0" timestamp="7 Jun 2017 05:59:10 GMT" time="25.331" errors="0">
  <testcase name="f" time="25.331" classname="com.ProjName.TestExe_Main.Hybrid_Test"/>
</testsuite> <!-- com.ProjName.TestExe_Main.Hybrid_Test -->
