<?xml version="1.0" encoding="UTF-8"?>
<!-- Generated by org.testng.reporters.JUnitReportReporter -->
<testsuite hostname="loadrunner-PC" name="day8.Explicit_WebDriver_Wait" tests="1" failures="0" timestamp="31 May 2017 06:55:27 GMT" time="521.889" errors="0">
  <testcase name="f" time="521.889" classname="day8.Explicit_WebDriver_Wait"/>
</testsuite> <!-- day8.Explicit_WebDriver_Wait -->
