<?xml version="1.0" encoding="UTF-8"?>
<!-- Generated by org.testng.reporters.JUnitReportReporter -->
<testsuite hostname="loadrunner-PC" name="day12_JavaScript.Scroll_Window_JSE" tests="1" failures="0" timestamp="30 May 2017 06:49:56 GMT" time="18.415" errors="0">
  <testcase name="f" time="18.415" classname="day12_JavaScript.Scroll_Window_JSE"/>
</testsuite> <!-- day12_JavaScript.Scroll_Window_JSE -->
