<?xml version="1.0" encoding="UTF-8"?>
<!-- Generated by org.testng.reporters.JUnitReportReporter -->
<testsuite hostname="loadrunner-PC" name="excel.Login_Jxl" tests="1" failures="0" timestamp="29 May 2017 05:32:21 GMT" time="32.735" errors="0">
  <testcase name="f" time="32.735" classname="excel.Login_Jxl"/>
</testsuite> <!-- excel.Login_Jxl -->
