<?xml version="1.0" encoding="UTF-8"?>
<!-- Generated by org.testng.reporters.JUnitReportReporter -->
<testsuite hostname="loadrunner-PC" name="excel.Excel_DropDown" tests="1" failures="0" timestamp="30 May 2017 05:34:28 GMT" time="50.846" errors="0">
  <testcase name="f" time="50.846" classname="excel.Excel_DropDown"/>
</testsuite> <!-- excel.Excel_DropDown -->
