<?xml version="1.0" encoding="UTF-8"?>
<!-- Generated by org.testng.reporters.JUnitReportReporter -->
<testsuite hostname="loadrunner-PC" name="excel.Excel_Write_JXL" tests="1" failures="0" timestamp="29 May 2017 05:54:29 GMT" time="0.151" errors="0">
  <testcase name="f" time="0.151" classname="excel.Excel_Write_JXL"/>
</testsuite> <!-- excel.Excel_Write_JXL -->
