<?xml version="1.0" encoding="UTF-8"?>
<!-- Generated by org.testng.reporters.JUnitReportReporter -->
<testsuite hostname="loadrunner-PC" name="day10_AutoIT.FileUpload_AutoIT" tests="1" failures="0" timestamp="24 May 2017 05:28:15 GMT" time="27.622" errors="0">
  <testcase name="f" time="27.622" classname="day10_AutoIT.FileUpload_AutoIT"/>
</testsuite> <!-- day10_AutoIT.FileUpload_AutoIT -->
