<?xml version="1.0" encoding="UTF-8"?>
<!-- Generated by org.testng.reporters.JUnitReportReporter -->
<testsuite hostname="loadrunner-PC" name="com.ProjName.TestExe_Main.Properties_Exe" tests="1" failures="0" timestamp="6 Jun 2017 05:57:04 GMT" time="15.004" errors="0">
  <testcase name="f" time="15.004" classname="com.ProjName.TestExe_Main.Properties_Exe"/>
</testsuite> <!-- com.ProjName.TestExe_Main.Properties_Exe -->
