<?xml version="1.0" encoding="UTF-8"?>
<!-- Generated by org.testng.reporters.JUnitReportReporter -->
<testsuite hostname="loadrunner-PC" name="com.ProjName.TestExe_Main.POM_Obj_EXecution" tests="1" failures="0" timestamp="7 Jun 2017 06:50:20 GMT" time="17.125" errors="0">
  <testcase name="f" time="17.125" classname="com.ProjName.TestExe_Main.POM_Obj_EXecution"/>
</testsuite> <!-- com.ProjName.TestExe_Main.POM_Obj_EXecution -->
