<?xml version="1.0" encoding="UTF-8"?>
<!-- Generated by org.testng.reporters.JUnitReportReporter -->
<testsuite hostname="loadrunner-PC" name="com.ProjName.TestExe_Main.POMControl_Test" tests="1" failures="0" timestamp="8 Jun 2017 07:21:31 GMT" time="24.969" errors="0">
  <testcase name="pomTest" time="24.969" classname="com.ProjName.TestExe_Main.POMControl_Test"/>
</testsuite> <!-- com.ProjName.TestExe_Main.POMControl_Test -->
