<?xml version="1.0" encoding="UTF-8"?>
<!-- Generated by org.testng.reporters.JUnitReportReporter -->
<testsuite hostname="loadrunner-PC" name="day10_AutoIT.Mouse_Move" tests="1" failures="0" timestamp="25 May 2017 05:47:07 GMT" time="8.037" errors="0">
  <testcase name="f" time="8.037" classname="day10_AutoIT.Mouse_Move"/>
</testsuite> <!-- day10_AutoIT.Mouse_Move -->
