<?xml version="1.0" encoding="UTF-8"?>
<!-- Generated by org.testng.reporters.JUnitReportReporter -->
<testsuite hostname="loadrunner-PC" name="excel.Excel_Poi_Multipledata" tests="1" failures="0" timestamp="29 May 2017 06:49:15 GMT" time="16.834" errors="0">
  <testcase name="f" time="16.834" classname="excel.Excel_Poi_Multipledata"/>
</testsuite> <!-- excel.Excel_Poi_Multipledata -->
