<?xml version="1.0" encoding="UTF-8"?>
<!-- Generated by org.testng.reporters.JUnitReportReporter -->
<testsuite hostname="loadrunner-PC" name="day12_JavaScript.Alert_JSE" tests="1" failures="0" timestamp="30 May 2017 06:37:15 GMT" time="16.527" errors="0">
  <testcase name="f" time="16.527" classname="day12_JavaScript.Alert_JSE"/>
</testsuite> <!-- day12_JavaScript.Alert_JSE -->
