<?xml version="1.0" encoding="UTF-8"?>
<!-- Generated by org.testng.reporters.JUnitReportReporter -->
<testsuite hostname="loadrunner-PC" name="excel.Excel_Read_POI" tests="1" failures="0" timestamp="29 May 2017 06:13:57 GMT" time="17.309" errors="0">
  <testcase name="f" time="17.309" classname="excel.Excel_Read_POI"/>
</testsuite> <!-- excel.Excel_Read_POI -->
