<?xml version="1.0" encoding="UTF-8"?>
<!-- Generated by org.testng.reporters.JUnitReportReporter -->
<testsuite hostname="loadrunner-PC" name="com.ProjName.TestExe_Main.LoginusingKeywords" tests="1" failures="0" timestamp="5 Jun 2017 06:32:39 GMT" time="12.397" errors="0">
  <testcase name="loginTest" time="12.397" classname="com.ProjName.TestExe_Main.LoginusingKeywords"/>
</testsuite> <!-- com.ProjName.TestExe_Main.LoginusingKeywords -->
