<?xml version="1.0" encoding="UTF-8"?>
<!-- Generated by org.testng.reporters.JUnitReportReporter -->
<testsuite hostname="loadrunner-PC" name="day12_JavaScript.Gmail_Aseert" tests="1" failures="0" timestamp="31 May 2017 05:17:13 GMT" time="14.961" errors="0">
  <testcase name="sush" time="14.961" classname="day12_JavaScript.Gmail_Aseert"/>
</testsuite> <!-- day12_JavaScript.Gmail_Aseert -->
