<?xml version="1.0" encoding="UTF-8"?>
<!-- Generated by org.testng.reporters.JUnitReportReporter -->
<testsuite hostname="loadrunner-PC" name="testng.Calander_Webtable" tests="1" failures="0" timestamp="23 May 2017 06:24:13 GMT" time="28.025" errors="0">
  <testcase name="calanderTest" time="28.025" classname="testng.Calander_Webtable"/>
</testsuite> <!-- testng.Calander_Webtable -->
