<?xml version="1.0" encoding="UTF-8"?>
<!-- Generated by org.testng.reporters.JUnitReportReporter -->
<testsuite hostname="loadrunner-PC" name="day10_AutoIT.UploadFile_Robot" tests="1" failures="0" timestamp="25 May 2017 05:26:17 GMT" time="37.482" errors="0">
  <testcase name="f" time="37.482" classname="day10_AutoIT.UploadFile_Robot"/>
</testsuite> <!-- day10_AutoIT.UploadFile_Robot -->
