<?xml version="1.0" encoding="UTF-8"?>
<!-- Generated by org.testng.reporters.JUnitReportReporter -->
<testsuite hostname="loadrunner-PC" name="com.ProjName.TestExe_Main.Data_driventesting12" tests="1" failures="0" timestamp="6 Jun 2017 06:26:14 GMT" time="80.125" errors="0">
  <testcase name="f" time="80.125" classname="com.ProjName.TestExe_Main.Data_driventesting12"/>
</testsuite> <!-- com.ProjName.TestExe_Main.Data_driventesting12 -->
