<?xml version="1.0" encoding="UTF-8"?>
<!-- Generated by org.testng.reporters.JUnitReportReporter -->
<testsuite hostname="loadrunner-PC" name="testng.NewTest" tests="2" failures="0" timestamp="23 May 2017 06:49:20 GMT" time="0.012" errors="0">
  <testcase name="b" time="0.006" classname="testng.NewTest"/>
  <testcase name="f" time="0.006" classname="testng.NewTest"/>
</testsuite> <!-- testng.NewTest -->
