<?xml version="1.0" encoding="UTF-8"?>
<!-- Generated by org.testng.reporters.JUnitReportReporter -->
<testsuite hostname="loadrunner-PC" name="day3.Element_Present" tests="1" failures="0" timestamp="22 May 2017 06:56:00 GMT" time="29.853" errors="0">
  <testcase name="aaaaa" time="29.853" classname="day3.Element_Present"/>
</testsuite> <!-- day3.Element_Present -->
