<?xml version="1.0" encoding="UTF-8"?>
<!-- Generated by org.testng.reporters.JUnitReportReporter -->
<testsuite hostname="loadrunner-PC" name="day12_JavaScript.Cookies_Testing" tests="1" failures="0" timestamp="31 May 2017 05:49:23 GMT" time="15.869" errors="0">
  <testcase name="f" time="15.869" classname="day12_JavaScript.Cookies_Testing"/>
</testsuite> <!-- day12_JavaScript.Cookies_Testing -->
