<?xml version="1.0" encoding="UTF-8"?>
<!-- Generated by org.testng.reporters.JUnitReportReporter -->
<testsuite hostname="loadrunner-PC" name="day13_Grid.Grid_Single_BR" tests="1" failures="0" timestamp="1 Jun 2017 05:55:24 GMT" time="24.797" errors="0">
  <testcase name="f" time="24.797" classname="day13_Grid.Grid_Single_BR"/>
</testsuite> <!-- day13_Grid.Grid_Single_BR -->
