<?xml version="1.0" encoding="UTF-8"?>
<!-- Generated by org.testng.reporters.JUnitReportReporter -->
<testsuite hostname="loadrunner-PC" name="aui_mouse.Tool_TIP" tests="1" failures="0" timestamp="25 May 2017 06:08:57 GMT" time="14.788" errors="0">
  <testcase name="f" time="14.788" classname="aui_mouse.Tool_TIP"/>
</testsuite> <!-- aui_mouse.Tool_TIP -->
