<?xml version="1.0" encoding="UTF-8"?>
<!-- Generated by org.testng.reporters.JUnitReportReporter -->
<testsuite hostname="loadrunner-PC" name="excel.Excel_Fill_Colors" tests="1" failures="0" timestamp="30 May 2017 05:53:22 GMT" time="0.738" errors="0">
  <testcase name="f" time="0.738" classname="excel.Excel_Fill_Colors"/>
</testsuite> <!-- excel.Excel_Fill_Colors -->
