<?xml version="1.0" encoding="UTF-8"?>
<!-- Generated by org.testng.reporters.JUnitReportReporter -->
<testsuite hostname="loadrunner-PC" name="testng.NewTest12" tests="3" failures="0" timestamp="23 May 2017 06:24:13 GMT" time="0.016" errors="0">
  <testcase name="B" time="0.003" classname="testng.NewTest12"/>
  <testcase name="A" time="0.009" classname="testng.NewTest12"/>
  <testcase name="Z" time="0.004" classname="testng.NewTest12"/>
</testsuite> <!-- testng.NewTest12 -->
