<?xml version="1.0" encoding="UTF-8"?>
<!-- Generated by org.testng.reporters.JUnitReportReporter -->
<testsuite hostname="loadrunner-PC" name="day10_AutoIT.DownloadFile_AutoIT" tests="1" failures="0" timestamp="24 May 2017 06:06:38 GMT" time="23.859" errors="0">
  <testcase name="f" time="23.859" classname="day10_AutoIT.DownloadFile_AutoIT"/>
</testsuite> <!-- day10_AutoIT.DownloadFile_AutoIT -->
